<?xml version="1.0" encoding="UTF-8"?>
<!-- Generated by org.testng.reporters.JUnitReportReporter -->
<testsuite hostname="hp-PC" failures="0" tests="1" name="foodbox.Capstone.repo.NewTest" time="1.691" errors="0" timestamp="2022-05-08T15:29:02 IST" skipped="0">
  <testcase classname="foodbox.Capstone.repo.NewTest" name="searchThroughKeyword" time="1.691"/>
  <system-out/>
</testsuite> <!-- foodbox.Capstone.repo.NewTest -->
