<?xml version="1.0" encoding="UTF-8"?>
<!-- Generated by org.testng.reporters.JUnitReportReporter -->
<testsuite hostname="hp-PC" failures="0" tests="1" name="foodbox.Capstone.repo.AdminTest" time="0.906" errors="0" timestamp="2022-05-08T16:48:09 IST" skipped="0">
  <testcase classname="foodbox.Capstone.repo.AdminTest" name="login_Passadmin" time="0.906"/>
  <system-out/>
</testsuite> <!-- foodbox.Capstone.repo.AdminTest -->
